<?xml version="1.0" encoding="UTF-8" ?>
<testsuite tests="7" failures="0" name="com.imooc.security.web.controller.UserControllerTest" time="2.77" errors="0" skipped="0">
  <properties>
[...]
</properties>
  <testcase classname="com.imooc.security.web.controller.UserControllerTest" name="whenUploadSuccess" time="0.65"/>
  <testcase classname="com.imooc.security.web.controller.UserControllerTest" name="whenGetInfoFail" time="0.084"/>
  <testcase classname="com.imooc.security.web.controller.UserControllerTest" name="whenQuerySuccess" time="0.433"/>
  <testcase classname="com.imooc.security.web.controller.UserControllerTest" name="whenCreateSuccess" time="0.806"/>
  <testcase classname="com.imooc.security.web.controller.UserControllerTest" name="whenUpdateSuccess" time="0.327"/>
  <testcase classname="com.imooc.security.web.controller.UserControllerTest" name="whenDeleteSuccess" time="0.367"/>
  <testcase classname="com.imooc.security.web.controller.UserControllerTest" name="whenGetInfoSuccess" time="0.103"/>
</testsuite>